<?xml version="1.0" encoding="UTF-8"?>
<testsuite name="kn.swift.moca.utils.PropertyUpdaterTest" tests="1" skipped="1" failures="0" errors="0" timestamp="2019-08-09T11:35:44" hostname="REPL-1144217" time="0.0">
  <properties/>
  <testcase name="updatePcipProperties" classname="kn.swift.moca.utils.PropertyUpdaterTest" time="0.0">
    <skipped/>
  </testcase>
  <system-out><![CDATA[]]></system-out>
  <system-err><![CDATA[]]></system-err>
</testsuite>
