<?xml version="1.0" encoding="UTF-8"?>
<testsuite name="kn.swift.moca.LC_PCIPTest" tests="4" skipped="0" failures="0" errors="0" timestamp="2019-08-09T11:35:44" hostname="REPL-1144217" time="0.003">
  <properties/>
  <testcase name="reprintPCIPConsignment" classname="kn.swift.moca.LC_PCIPTest" time="0.001"/>
  <testcase name="closePCIPManifest" classname="kn.swift.moca.LC_PCIPTest" time="0.0"/>
  <testcase name="cancelPCIPConsignment" classname="kn.swift.moca.LC_PCIPTest" time="0.0"/>
  <testcase name="createPCIPConsignment" classname="kn.swift.moca.LC_PCIPTest" time="0.001"/>
  <system-out><![CDATA[]]></system-out>
  <system-err><![CDATA[]]></system-err>
</testsuite>
